<?xml version="1.0" encoding="UTF-8"?>
<testsuite name="tests.RemoveContactTests" tests="2" skipped="0" failures="0" errors="0" timestamp="2022-07-13T16:27:52" hostname="DESKTOP-B443DO6" time="26.029">
  <properties/>
  <testcase name="removeAllContactsSuccess" classname="tests.RemoveContactTests" time="12.087"/>
  <testcase name="removeOneContactSuccess" classname="tests.RemoveContactTests" time="0.876"/>
  <system-out><![CDATA[3
2
]]></system-out>
  <system-err><![CDATA[]]></system-err>
</testsuite>
