<?xml version="1.0" encoding="UTF-8"?>
<testsuite name="tests.AddNewContact" tests="2" skipped="0" failures="0" errors="0" timestamp="2022-07-10T18:07:52" hostname="DESKTOP-B443DO6" time="2.533">
  <properties/>
  <testcase name="positiveAddNewContact" classname="tests.AddNewContact" time="1.62"/>
  <testcase name="positiveAddNewContact2" classname="tests.AddNewContact" time="0.898"/>
  <system-out><![CDATA[]]></system-out>
  <system-err><![CDATA[]]></system-err>
</testsuite>
