<?xml version="1.0" encoding="UTF-8"?>
<testsuite name="tests.LoginTests" tests="2" skipped="0" failures="0" errors="0" timestamp="2022-06-26T17:49:16" hostname="DESKTOP-B443DO6" time="1.245">
  <properties/>
  <testcase name="loginSuccess" classname="tests.LoginTests" time="0.357"/>
  <testcase name="negativeLogin" classname="tests.LoginTests" time="0.273"/>
  <system-out><![CDATA[]]></system-out>
  <system-err><![CDATA[]]></system-err>
</testsuite>
