<?xml version="1.0" encoding="UTF-8"?>
<testsuite name="tests.RegistrationTests" tests="1" skipped="0" failures="0" errors="0" timestamp="2022-07-09T11:25:32" hostname="DESKTOP-B443DO6" time="0.266">
  <properties/>
  <testcase name="loginSuccess" classname="tests.RegistrationTests" time="0.266"/>
  <system-out><![CDATA[]]></system-out>
  <system-err><![CDATA[]]></system-err>
</testsuite>
