<?xml version="1.0" encoding="UTF-8"?>
<testsuite name="tests.AddNewContact" tests="1" skipped="0" failures="0" errors="0" timestamp="2022-07-09T18:46:59" hostname="DESKTOP-B443DO6" time="1.443">
  <properties/>
  <testcase name="positiveAddNewContact2" classname="tests.AddNewContact" time="1.443"/>
  <system-out><![CDATA[]]></system-out>
  <system-err><![CDATA[]]></system-err>
</testsuite>
